<?xml version="1.0" encoding="UTF-8"?>
<testng-results skipped="0" failed="0" ignored="0" total="4" passed="4">
  <reporter-output>
  </reporter-output>
  <suite name="Suite" duration-ms="55" started-at="2019-06-05T16:43:08Z" finished-at="2019-06-05T16:43:08Z">
    <groups>
    </groups>
    <test name="Test" duration-ms="55" started-at="2019-06-05T16:43:08Z" finished-at="2019-06-05T16:43:08Z">
      <class name="noermTest.selTest">
        <test-method status="PASS" signature="BrowserAUT()[pri:0, instance:noermTest.selTest@2344fc66]" name="BrowserAUT" duration-ms="0" started-at="2019-06-05T16:43:08Z" finished-at="2019-06-05T16:43:08Z">
          <reporter-output>
          </reporter-output>
        </test-method> <!-- BrowserAUT -->
        <test-method status="PASS" signature="elementUI()[pri:0, instance:noermTest.selTest@2344fc66]" name="elementUI" duration-ms="0" started-at="2019-06-05T16:43:08Z" finished-at="2019-06-05T16:43:08Z">
          <reporter-output>
          </reporter-output>
        </test-method> <!-- elementUI -->
      </class> <!-- noermTest.selTest -->
      <class name="noermTest.restTest">
        <test-method status="PASS" signature="dataRest()[pri:0, instance:noermTest.restTest@2669b199]" name="dataRest" duration-ms="11" started-at="2019-06-05T16:43:08Z" finished-at="2019-06-05T16:43:08Z">
          <reporter-output>
          </reporter-output>
        </test-method> <!-- dataRest -->
        <test-method status="PASS" signature="getRest()[pri:0, instance:noermTest.restTest@2669b199]" name="getRest" duration-ms="0" started-at="2019-06-05T16:43:08Z" finished-at="2019-06-05T16:43:08Z">
          <reporter-output>
          </reporter-output>
        </test-method> <!-- getRest -->
      </class> <!-- noermTest.restTest -->
    </test> <!-- Test -->
  </suite> <!-- Suite -->
</testng-results>
