<?xml version="1.0" encoding="UTF-8"?>
<!-- Generated by org.testng.reporters.JUnitXMLReporter -->
<testsuite hostname="DESKTOP-CA5IBLN" ignored="0" name="Test" tests="4" failures="0" timestamp="05 jun 2019 16:43:08 GMT" time="0.055" errors="0">
  <testcase name="dataRest" time="0.011" classname="noermTest.restTest"/>
  <testcase name="getRest" time="0.0" classname="noermTest.restTest"/>
  <testcase name="BrowserAUT" time="0.0" classname="noermTest.selTest"/>
  <testcase name="elementUI" time="0.0" classname="noermTest.selTest"/>
</testsuite> <!-- Test -->
