<?xml version="1.0" encoding="UTF-8"?>
<!-- Generated by org.testng.reporters.JUnitXMLReporter -->
<testsuite hostname="DESKTOP-CA5IBLN" ignored="0" name="Surefire test" tests="4" failures="0" timestamp="04 jun 2019 21:30:40 GMT" time="0.051" errors="0">
  <testcase name="dataRest" time="0.01" classname="noermTest.restTest"/>
  <testcase name="getRest" time="0.001" classname="noermTest.restTest"/>
  <testcase name="BrowserAUT" time="0.001" classname="noermTest.selTest"/>
  <testcase name="elementUI" time="0.0" classname="noermTest.selTest"/>
</testsuite> <!-- Surefire test -->
